<?xml version="1.0" encoding="UTF-8"?>
<!-- Generated by org.testng.reporters.JUnitReportReporter -->
<testsuite skipped="0" hostname="srinu-PC" name="DriverFactory.AppTest" tests="1" failures="0" timestamp="27 Jun 2021 07:11:21 GMT" time="105.338" errors="0">
  <testcase name="kickStart" time="105.338" classname="DriverFactory.AppTest"/>
</testsuite> <!-- DriverFactory.AppTest -->
